# JRE version: OpenJDK Runtime Environment (21.0.9) (build 21.0.9+-14787801-b1163.94)
# Java VM: OpenJDK 64-Bit Server VM (21.0.9+-14787801-b1163.94, mixed mode, tiered, compressed oops, compressed class ptrs, g1 gc, windows-amd64)
GC Precious Log:
 CardTable entry size: 512
 Card Set container configuration: InlinePtr #cards 5 size 8 Array Of Cards #cards 12 size 40 Howl #buckets 4 coarsen threshold 1843 Howl Bitmap #cards 512 size 80 coarsen threshold 460 Card regions per heap region 1 cards per card region 2048
 CPUs: 4 total, 4 available
 Memory: 12196M
 Large Page Support: Disabled
 NUMA Support: Disabled
 Compressed Oops: Enabled (32-bit)
 Heap Region Size: 1M
 Heap Min Capacity: 8M
 Heap Initial Capacity: 192M
 Heap Max Capacity: 2G
 Pre-touch: Disabled
 Parallel Workers: 4
 Concurrent Workers: 1
 Concurrent Refinement Workers: 4
 Periodic GC: Disabled
Heap:
 garbage-first heap   total 88064K, used 74976K [0x0000000080000000, 0x0000000100000000)
  region size 1024K, 32 young (32768K), 3 survivors (3072K)
 Metaspace       used 62935K, committed 64512K, reserved 1114112K
  class space    used 8884K, committed 9664K, reserved 1048576K
GC Heap History (20 events):
Event: 4.403 GC heap before
{Heap before GC invocations=2 (full 0):
 garbage-first heap   total 196608K, used 106987K [0x0000000080000000, 0x0000000100000000)
  region size 1024K, 99 young (101376K), 4 survivors (4096K)
 Metaspace       used 21291K, committed 21504K, reserved 1114112K
  class space    used 2525K, committed 2624K, reserved 1048576K
}
Event: 4.418 GC heap after
{Heap after GC invocations=3 (full 0):
 garbage-first heap   total 196608K, used 19306K [0x0000000080000000, 0x0000000100000000)
  region size 1024K, 13 young (13312K), 13 survivors (13312K)
 Metaspace       used 21291K, committed 21504K, reserved 1114112K
  class space    used 2525K, committed 2624K, reserved 1048576K
}
Event: 5.342 GC heap before
{Heap before GC invocations=4 (full 0):
 garbage-first heap   total 68608K, used 46954K [0x0000000080000000, 0x0000000100000000)
  region size 1024K, 40 young (40960K), 13 survivors (13312K)
 Metaspace       used 26308K, committed 26816K, reserved 1114112K
  class space    used 3313K, committed 3520K, reserved 1048576K
}
Event: 5.358 GC heap after
{Heap after GC invocations=5 (full 0):
 garbage-first heap   total 68608K, used 20513K [0x0000000080000000, 0x0000000100000000)
  region size 1024K, 2 young (2048K), 2 survivors (2048K)
 Metaspace       used 26308K, committed 26816K, reserved 1114112K
  class space    used 3313K, committed 3520K, reserved 1048576K
}
Event: 6.924 GC heap before
{Heap before GC invocations=5 (full 0):
 garbage-first heap   total 68608K, used 52257K [0x0000000080000000, 0x0000000100000000)
  region size 1024K, 34 young (34816K), 2 survivors (2048K)
 Metaspace       used 30966K, committed 31552K, reserved 1114112K
  class space    used 4139K, committed 4416K, reserved 1048576K
}
Event: 6.937 GC heap after
{Heap after GC invocations=6 (full 0):
 garbage-first heap   total 68608K, used 23161K [0x0000000080000000, 0x0000000100000000)
  region size 1024K, 4 young (4096K), 4 survivors (4096K)
 Metaspace       used 30966K, committed 31552K, reserved 1114112K
  class space    used 4139K, committed 4416K, reserved 1048576K
}
Event: 10.440 GC heap before
{Heap before GC invocations=6 (full 0):
 garbage-first heap   total 68608K, used 51833K [0x0000000080000000, 0x0000000100000000)
  region size 1024K, 33 young (33792K), 4 survivors (4096K)
 Metaspace       used 35096K, committed 35968K, reserved 1114112K
  class space    used 4883K, committed 5312K, reserved 1048576K
}
Event: 10.450 GC heap after
{Heap after GC invocations=7 (full 0):
 garbage-first heap   total 68608K, used 25110K [0x0000000080000000, 0x0000000100000000)
  region size 1024K, 5 young (5120K), 5 survivors (5120K)
 Metaspace       used 35096K, committed 35968K, reserved 1114112K
  class space    used 4883K, committed 5312K, reserved 1048576K
}
Event: 11.085 GC heap before
{Heap before GC invocations=8 (full 0):
 garbage-first heap   total 68608K, used 56854K [0x0000000080000000, 0x0000000100000000)
  region size 1024K, 36 young (36864K), 5 survivors (5120K)
 Metaspace       used 39828K, committed 40896K, reserved 1114112K
  class space    used 5684K, committed 6208K, reserved 1048576K
}
Event: 11.095 GC heap after
{Heap after GC invocations=9 (full 0):
 garbage-first heap   total 68608K, used 26900K [0x0000000080000000, 0x0000000100000000)
  region size 1024K, 4 young (4096K), 4 survivors (4096K)
 Metaspace       used 39828K, committed 40896K, reserved 1114112K
  class space    used 5684K, committed 6208K, reserved 1048576K
}
Event: 11.843 GC heap before
{Heap before GC invocations=9 (full 0):
 garbage-first heap   total 68608K, used 57620K [0x0000000080000000, 0x0000000100000000)
  region size 1024K, 35 young (35840K), 4 survivors (4096K)
 Metaspace       used 46571K, committed 47680K, reserved 1114112K
  class space    used 6464K, committed 6976K, reserved 1048576K
}
Event: 11.867 GC heap after
{Heap after GC invocations=10 (full 0):
 garbage-first heap   total 68608K, used 30168K [0x0000000080000000, 0x0000000100000000)
  region size 1024K, 5 young (5120K), 5 survivors (5120K)
 Metaspace       used 46571K, committed 47680K, reserved 1114112K
  class space    used 6464K, committed 6976K, reserved 1048576K
}
Event: 12.443 GC heap before
{Heap before GC invocations=10 (full 0):
 garbage-first heap   total 68608K, used 62936K [0x0000000080000000, 0x0000000100000000)
  region size 1024K, 33 young (33792K), 5 survivors (5120K)
 Metaspace       used 48438K, committed 49536K, reserved 1114112K
  class space    used 6597K, committed 7104K, reserved 1048576K
}
Event: 12.455 GC heap after
{Heap after GC invocations=11 (full 0):
 garbage-first heap   total 72704K, used 33218K [0x0000000080000000, 0x0000000100000000)
  region size 1024K, 3 young (3072K), 3 survivors (3072K)
 Metaspace       used 48438K, committed 49536K, reserved 1114112K
  class space    used 6597K, committed 7104K, reserved 1048576K
}
Event: 13.124 GC heap before
{Heap before GC invocations=11 (full 0):
 garbage-first heap   total 72704K, used 62914K [0x0000000080000000, 0x0000000100000000)
  region size 1024K, 32 young (32768K), 3 survivors (3072K)
 Metaspace       used 52427K, committed 53696K, reserved 1114112K
  class space    used 7278K, committed 7872K, reserved 1048576K
}
Event: 13.133 GC heap after
{Heap after GC invocations=12 (full 0):
 garbage-first heap   total 88064K, used 35222K [0x0000000080000000, 0x0000000100000000)
  region size 1024K, 2 young (2048K), 2 survivors (2048K)
 Metaspace       used 52427K, committed 53696K, reserved 1114112K
  class space    used 7278K, committed 7872K, reserved 1048576K
}
Event: 13.871 GC heap before
{Heap before GC invocations=12 (full 0):
 garbage-first heap   total 88064K, used 77206K [0x0000000080000000, 0x0000000100000000)
  region size 1024K, 41 young (41984K), 2 survivors (2048K)
 Metaspace       used 54641K, committed 56000K, reserved 1114112K
  class space    used 7631K, committed 8256K, reserved 1048576K
}
Event: 13.881 GC heap after
{Heap after GC invocations=13 (full 0):
 garbage-first heap   total 88064K, used 41800K [0x0000000080000000, 0x0000000100000000)
  region size 1024K, 6 young (6144K), 6 survivors (6144K)
 Metaspace       used 54641K, committed 56000K, reserved 1114112K
  class space    used 7631K, committed 8256K, reserved 1048576K
}
Event: 14.663 GC heap before
{Heap before GC invocations=13 (full 0):
 garbage-first heap   total 88064K, used 72520K [0x0000000080000000, 0x0000000100000000)
  region size 1024K, 37 young (37888K), 6 survivors (6144K)
 Metaspace       used 58851K, committed 60288K, reserved 1114112K
  class space    used 8322K, committed 9024K, reserved 1048576K
}
Event: 14.679 GC heap after
{Heap after GC invocations=14 (full 0):
 garbage-first heap   total 88064K, used 44256K [0x0000000080000000, 0x0000000100000000)
  region size 1024K, 3 young (3072K), 3 survivors (3072K)
 Metaspace       used 58851K, committed 60288K, reserved 1114112K
  class space    used 8322K, committed 9024K, reserved 1048576K
}

