# JRE version: OpenJDK Runtime Environment (21.0.9) (build 21.0.9+-14787801-b1163.94)
# Java VM: OpenJDK 64-Bit Server VM (21.0.9+-14787801-b1163.94, mixed mode, tiered, compressed oops, compressed class ptrs, g1 gc, windows-amd64)
GC Precious Log:
 CardTable entry size: 512
 Card Set container configuration: InlinePtr #cards 5 size 8 Array Of Cards #cards 12 size 40 Howl #buckets 4 coarsen threshold 1843 Howl Bitmap #cards 512 size 80 coarsen threshold 460 Card regions per heap region 1 cards per card region 2048
 CPUs: 4 total, 4 available
 Memory: 12196M
 Large Page Support: Disabled
 NUMA Support: Disabled
 Compressed Oops: Enabled (32-bit)
 Heap Region Size: 1M
 Heap Min Capacity: 8M
 Heap Initial Capacity: 192M
 Heap Max Capacity: 2G
 Pre-touch: Disabled
 Parallel Workers: 4
 Concurrent Workers: 1
 Concurrent Refinement Workers: 4
 Periodic GC: Disabled
Heap:
 garbage-first heap   total 144384K, used 105856K [0x0000000080000000, 0x0000000100000000)
  region size 1024K, 32 young (32768K), 5 survivors (5120K)
 Metaspace       used 67627K, committed 69312K, reserved 1114112K
  class space    used 9512K, committed 10368K, reserved 1048576K
GC Heap History (20 events):
Event: 9.249 GC heap before
{Heap before GC invocations=9 (full 0):
 garbage-first heap   total 82944K, used 72441K [0x0000000080000000, 0x0000000100000000)
  region size 1024K, 23 young (23552K), 4 survivors (4096K)
 Metaspace       used 40396K, committed 41472K, reserved 1114112K
  class space    used 5764K, committed 6272K, reserved 1048576K
}
Event: 9.254 GC heap after
{Heap after GC invocations=10 (full 0):
 garbage-first heap   total 82944K, used 53081K [0x0000000080000000, 0x0000000100000000)
  region size 1024K, 1 young (1024K), 1 survivors (1024K)
 Metaspace       used 40396K, committed 41472K, reserved 1114112K
  class space    used 5764K, committed 6272K, reserved 1048576K
}
Event: 9.665 GC heap before
{Heap before GC invocations=10 (full 0):
 garbage-first heap   total 82944K, used 73561K [0x0000000080000000, 0x0000000100000000)
  region size 1024K, 21 young (21504K), 1 survivors (1024K)
 Metaspace       used 43783K, committed 44928K, reserved 1114112K
  class space    used 6305K, committed 6848K, reserved 1048576K
}
Event: 9.673 GC heap after
{Heap after GC invocations=11 (full 0):
 garbage-first heap   total 82944K, used 54769K [0x0000000080000000, 0x0000000100000000)
  region size 1024K, 3 young (3072K), 3 survivors (3072K)
 Metaspace       used 43783K, committed 44928K, reserved 1114112K
  class space    used 6305K, committed 6848K, reserved 1048576K
}
Event: 10.247 GC heap before
{Heap before GC invocations=12 (full 0):
 garbage-first heap   total 92160K, used 74225K [0x0000000080000000, 0x0000000100000000)
  region size 1024K, 23 young (23552K), 3 survivors (3072K)
 Metaspace       used 48566K, committed 49728K, reserved 1114112K
  class space    used 6776K, committed 7360K, reserved 1048576K
}
Event: 10.256 GC heap after
{Heap after GC invocations=13 (full 0):
 garbage-first heap   total 92160K, used 57467K [0x0000000080000000, 0x0000000100000000)
  region size 1024K, 3 young (3072K), 3 survivors (3072K)
 Metaspace       used 48566K, committed 49728K, reserved 1114112K
  class space    used 6776K, committed 7360K, reserved 1048576K
}
Event: 10.498 GC heap before
{Heap before GC invocations=13 (full 0):
 garbage-first heap   total 92160K, used 79995K [0x0000000080000000, 0x0000000100000000)
  region size 1024K, 25 young (25600K), 3 survivors (3072K)
 Metaspace       used 48986K, committed 50240K, reserved 1114112K
  class space    used 6821K, committed 7424K, reserved 1048576K
}
Event: 10.505 GC heap after
{Heap after GC invocations=14 (full 0):
 garbage-first heap   total 110592K, used 58279K [0x0000000080000000, 0x0000000100000000)
  region size 1024K, 2 young (2048K), 2 survivors (2048K)
 Metaspace       used 48986K, committed 50240K, reserved 1114112K
  class space    used 6821K, committed 7424K, reserved 1048576K
}
Event: 11.365 GC heap before
{Heap before GC invocations=14 (full 0):
 garbage-first heap   total 110592K, used 95143K [0x0000000080000000, 0x0000000100000000)
  region size 1024K, 34 young (34816K), 2 survivors (2048K)
 Metaspace       used 53872K, committed 55168K, reserved 1114112K
  class space    used 7469K, committed 8064K, reserved 1048576K
}
Event: 11.373 GC heap after
{Heap after GC invocations=15 (full 0):
 garbage-first heap   total 110592K, used 60788K [0x0000000080000000, 0x0000000100000000)
  region size 1024K, 5 young (5120K), 5 survivors (5120K)
 Metaspace       used 53872K, committed 55168K, reserved 1114112K
  class space    used 7469K, committed 8064K, reserved 1048576K
}
Event: 12.166 GC heap before
{Heap before GC invocations=16 (full 0):
 garbage-first heap   total 110592K, used 96628K [0x0000000080000000, 0x0000000100000000)
  region size 1024K, 37 young (37888K), 5 survivors (5120K)
 Metaspace       used 57237K, committed 58688K, reserved 1114112K
  class space    used 7855K, committed 8576K, reserved 1048576K
}
Event: 12.178 GC heap after
{Heap after GC invocations=17 (full 0):
 garbage-first heap   total 110592K, used 67241K [0x0000000080000000, 0x0000000100000000)
  region size 1024K, 5 young (5120K), 5 survivors (5120K)
 Metaspace       used 57237K, committed 58688K, reserved 1114112K
  class space    used 7855K, committed 8576K, reserved 1048576K
}
Event: 12.587 GC heap before
{Heap before GC invocations=17 (full 0):
 garbage-first heap   total 110592K, used 95913K [0x0000000080000000, 0x0000000100000000)
  region size 1024K, 33 young (33792K), 5 survivors (5120K)
 Metaspace       used 58781K, committed 60288K, reserved 1114112K
  class space    used 8132K, committed 8896K, reserved 1048576K
}
Event: 12.598 GC heap after
{Heap after GC invocations=18 (full 0):
 garbage-first heap   total 110592K, used 68531K [0x0000000080000000, 0x0000000100000000)
  region size 1024K, 2 young (2048K), 2 survivors (2048K)
 Metaspace       used 58781K, committed 60288K, reserved 1114112K
  class space    used 8132K, committed 8896K, reserved 1048576K
}
Event: 13.175 GC heap before
{Heap before GC invocations=18 (full 0):
 garbage-first heap   total 110592K, used 97203K [0x0000000080000000, 0x0000000100000000)
  region size 1024K, 30 young (30720K), 2 survivors (2048K)
 Metaspace       used 62541K, committed 64128K, reserved 1114112K
  class space    used 8747K, committed 9536K, reserved 1048576K
}
Event: 13.183 GC heap after
{Heap after GC invocations=19 (full 0):
 garbage-first heap   total 110592K, used 70442K [0x0000000080000000, 0x0000000100000000)
  region size 1024K, 4 young (4096K), 4 survivors (4096K)
 Metaspace       used 62541K, committed 64128K, reserved 1114112K
  class space    used 8747K, committed 9536K, reserved 1048576K
}
Event: 13.894 GC heap before
{Heap before GC invocations=20 (full 0):
 garbage-first heap   total 119808K, used 98090K [0x0000000080000000, 0x0000000100000000)
  region size 1024K, 32 young (32768K), 4 survivors (4096K)
 Metaspace       used 65655K, committed 67328K, reserved 1114112K
  class space    used 9277K, committed 10112K, reserved 1048576K
}
Event: 13.903 GC heap after
{Heap after GC invocations=21 (full 0):
 garbage-first heap   total 119808K, used 71886K [0x0000000080000000, 0x0000000100000000)
  region size 1024K, 2 young (2048K), 2 survivors (2048K)
 Metaspace       used 65655K, committed 67328K, reserved 1114112K
  class space    used 9277K, committed 10112K, reserved 1048576K
}
Event: 14.949 GC heap before
{Heap before GC invocations=21 (full 0):
 garbage-first heap   total 119808K, used 105678K [0x0000000080000000, 0x0000000100000000)
  region size 1024K, 36 young (36864K), 2 survivors (2048K)
 Metaspace       used 66753K, committed 68416K, reserved 1114112K
  class space    used 9373K, committed 10176K, reserved 1048576K
}
Event: 14.968 GC heap after
{Heap after GC invocations=22 (full 0):
 garbage-first heap   total 144384K, used 76160K [0x0000000080000000, 0x0000000100000000)
  region size 1024K, 5 young (5120K), 5 survivors (5120K)
 Metaspace       used 66753K, committed 68416K, reserved 1114112K
  class space    used 9373K, committed 10176K, reserved 1048576K
}

